{"D:\\shivam\\projects\\ptm\\backend\\index.js": {"path":"D:\\shivam\\projects\\ptm\\backend\\index.js","statementMap":{"0":{"start":{"line":1,"column":13},"end":{"line":1,"column":null}},"1":{"start":{"line":2,"column":16},"end":{"line":2,"column":null}},"2":{"start":{"line":3,"column":19},"end":{"line":3,"column":null}},"3":{"start":{"line":4,"column":12},"end":{"line":4,"column":null}},"4":{"start":{"line":5,"column":18},"end":{"line":5,"column":null}},"5":{"start":{"line":6,"column":17},"end":{"line":6,"column":null}},"6":{"start":{"line":7,"column":22},"end":{"line":7,"column":null}},"7":{"start":{"line":8,"column":27},"end":{"line":8,"column":null}},"8":{"start":{"line":9,"column":0},"end":{"line":9,"column":null}},"9":{"start":{"line":10,"column":13},"end":{"line":10,"column":null}},"10":{"start":{"line":12,"column":0},"end":{"line":14,"column":null}},"11":{"start":{"line":13,"column":2},"end":{"line":13,"column":null}},"12":{"start":{"line":16,"column":12},"end":{"line":16,"column":null}},"13":{"start":{"line":17,"column":15},"end":{"line":17,"column":null}},"14":{"start":{"line":18,"column":13},"end":{"line":18,"column":null}},"15":{"start":{"line":19,"column":19},"end":{"line":19,"column":null}},"16":{"start":{"line":20,"column":19},"end":{"line":20,"column":null}},"17":{"start":{"line":22,"column":0},"end":{"line":25,"column":null}},"18":{"start":{"line":27,"column":0},"end":{"line":27,"column":null}},"19":{"start":{"line":30,"column":11},"end":{"line":36,"column":null}},"20":{"start":{"line":39,"column":0},"end":{"line":53,"column":null}},"21":{"start":{"line":40,"column":16},"end":{"line":40,"column":null}},"22":{"start":{"line":42,"column":2},"end":{"line":44,"column":null}},"23":{"start":{"line":43,"column":4},"end":{"line":43,"column":null}},"24":{"start":{"line":46,"column":2},"end":{"line":52,"column":null}},"25":{"start":{"line":47,"column":20},"end":{"line":47,"column":null}},"26":{"start":{"line":48,"column":4},"end":{"line":48,"column":null}},"27":{"start":{"line":49,"column":4},"end":{"line":49,"column":null}},"28":{"start":{"line":51,"column":4},"end":{"line":51,"column":null}},"29":{"start":{"line":56,"column":0},"end":{"line":72,"column":null}},"30":{"start":{"line":57,"column":17},"end":{"line":57,"column":30}},"31":{"start":{"line":59,"column":2},"end":{"line":62,"column":null}},"32":{"start":{"line":60,"column":4},"end":{"line":60,"column":null}},"33":{"start":{"line":61,"column":4},"end":{"line":61,"column":null}},"34":{"start":{"line":65,"column":19},"end":{"line":65,"column":null}},"35":{"start":{"line":66,"column":2},"end":{"line":66,"column":null}},"36":{"start":{"line":67,"column":2},"end":{"line":67,"column":null}},"37":{"start":{"line":69,"column":2},"end":{"line":71,"column":null}},"38":{"start":{"line":70,"column":4},"end":{"line":70,"column":null}},"39":{"start":{"line":75,"column":0},"end":{"line":75,"column":null}},"40":{"start":{"line":77,"column":0},"end":{"line":77,"column":null}},"41":{"start":{"line":78,"column":0},"end":{"line":78,"column":null}},"42":{"start":{"line":79,"column":0},"end":{"line":79,"column":null}},"43":{"start":{"line":81,"column":0},"end":{"line":85,"column":null}},"44":{"start":{"line":82,"column":2},"end":{"line":84,"column":null}},"45":{"start":{"line":83,"column":4},"end":{"line":83,"column":null}},"46":{"start":{"line":87,"column":0},"end":{"line":87,"column":null}}},"fnMap":{"0":{"name":"(anonymous_0)","decl":{"start":{"line":39,"column":7},"end":{"line":39,"column":8}},"loc":{"start":{"line":39,"column":16},"end":{"line":53,"column":null}}},"1":{"name":"(anonymous_1)","decl":{"start":{"line":56,"column":20},"end":{"line":56,"column":21}},"loc":{"start":{"line":56,"column":21},"end":{"line":72,"column":null}}},"2":{"name":"(anonymous_2)","decl":{"start":{"line":69,"column":26},"end":{"line":69,"column":null}},"loc":{"start":{"line":69,"column":26},"end":{"line":71,"column":null}}},"3":{"name":"(anonymous_3)","decl":{"start":{"line":82,"column":22},"end":{"line":82,"column":null}},"loc":{"start":{"line":82,"column":22},"end":{"line":84,"column":null}}}},"branchMap":{"0":{"loc":{"start":{"line":12,"column":0},"end":{"line":14,"column":null}},"type":"if","locations":[{"start":{"line":12,"column":0},"end":{"line":14,"column":null}},{"start":{},"end":{}}]},"1":{"loc":{"start":{"line":18,"column":13},"end":{"line":18,"column":null}},"type":"binary-expr","locations":[{"start":{"line":18,"column":13},"end":{"line":18,"column":29}},{"start":{"line":18,"column":33},"end":{"line":18,"column":null}}]},"2":{"loc":{"start":{"line":19,"column":19},"end":{"line":19,"column":null}},"type":"binary-expr","locations":[{"start":{"line":19,"column":19},"end":{"line":19,"column":41}},{"start":{"line":19,"column":45},"end":{"line":19,"column":null}}]},"3":{"loc":{"start":{"line":20,"column":19},"end":{"line":20,"column":null}},"type":"binary-expr","locations":[{"start":{"line":20,"column":19},"end":{"line":20,"column":41}},{"start":{"line":20,"column":45},"end":{"line":20,"column":null}}]},"4":{"loc":{"start":{"line":40,"column":16},"end":{"line":40,"column":null}},"type":"binary-expr","locations":[{"start":{"line":40,"column":16},"end":{"line":40,"column":48}},{"start":{"line":40,"column":48},"end":{"line":40,"column":null}}]},"5":{"loc":{"start":{"line":42,"column":2},"end":{"line":44,"column":null}},"type":"if","locations":[{"start":{"line":42,"column":2},"end":{"line":44,"column":null}},{"start":{},"end":{}}]},"6":{"loc":{"start":{"line":48,"column":20},"end":{"line":48,"column":45}},"type":"binary-expr","locations":[{"start":{"line":48,"column":20},"end":{"line":48,"column":30}},{"start":{"line":48,"column":34},"end":{"line":48,"column":45}}]},"7":{"loc":{"start":{"line":59,"column":2},"end":{"line":62,"column":null}},"type":"if","locations":[{"start":{"line":59,"column":2},"end":{"line":62,"column":null}},{"start":{},"end":{}}]},"8":{"loc":{"start":{"line":81,"column":0},"end":{"line":85,"column":null}},"type":"if","locations":[{"start":{"line":81,"column":0},"end":{"line":85,"column":null}},{"start":{},"end":{}}]}},"s":{"0":2,"1":2,"2":2,"3":2,"4":2,"5":2,"6":2,"7":2,"8":2,"9":2,"10":2,"11":0,"12":2,"13":2,"14":2,"15":2,"16":2,"17":2,"18":2,"19":2,"20":2,"21":0,"22":0,"23":0,"24":0,"25":0,"26":0,"27":0,"28":0,"29":2,"30":0,"31":0,"32":0,"33":0,"34":0,"35":0,"36":0,"37":0,"38":0,"39":2,"40":2,"41":2,"42":2,"43":2,"44":0,"45":0,"46":2},"f":{"0":0,"1":0,"2":0,"3":0},"b":{"0":[0,2],"1":[2,2],"2":[2,2],"3":[2,0],"4":[0,0],"5":[0,0],"6":[0,0],"7":[0,0],"8":[0,2]}}
,"D:\\shivam\\projects\\ptm\\backend\\src\\config\\db.js": {"path":"D:\\shivam\\projects\\ptm\\backend\\src\\config\\db.js","statementMap":{"0":{"start":{"line":1,"column":16},"end":{"line":1,"column":null}},"1":{"start":{"line":2,"column":0},"end":{"line":2,"column":null}},"2":{"start":{"line":4,"column":18},"end":{"line":4,"column":null}},"3":{"start":{"line":7,"column":18},"end":{"line":16,"column":null}},"4":{"start":{"line":8,"column":4},"end":{"line":15,"column":null}},"5":{"start":{"line":10,"column":21},"end":{"line":10,"column":null}},"6":{"start":{"line":11,"column":8},"end":{"line":11,"column":null}},"7":{"start":{"line":13,"column":8},"end":{"line":13,"column":null}},"8":{"start":{"line":14,"column":8},"end":{"line":14,"column":null}},"9":{"start":{"line":18,"column":0},"end":{"line":18,"column":null}}},"fnMap":{"0":{"name":"(anonymous_0)","decl":{"start":{"line":7,"column":18},"end":{"line":7,"column":null}},"loc":{"start":{"line":7,"column":18},"end":{"line":16,"column":null}}}},"branchMap":{"0":{"loc":{"start":{"line":4,"column":18},"end":{"line":4,"column":null}},"type":"binary-expr","locations":[{"start":{"line":4,"column":18},"end":{"line":4,"column":39}},{"start":{"line":4,"column":43},"end":{"line":4,"column":null}}]}},"s":{"0":2,"1":2,"2":2,"3":2,"4":0,"5":0,"6":0,"7":0,"8":0,"9":2},"f":{"0":0},"b":{"0":[2,0]}}
,"D:\\shivam\\projects\\ptm\\backend\\src\\middleware\\authMiddleware.js": {"path":"D:\\shivam\\projects\\ptm\\backend\\src\\middleware\\authMiddleware.js","statementMap":{"0":{"start":{"line":1,"column":12},"end":{"line":1,"column":null}},"1":{"start":{"line":2,"column":0},"end":{"line":2,"column":null}},"2":{"start":{"line":4,"column":19},"end":{"line":4,"column":null}},"3":{"start":{"line":6,"column":23},"end":{"line":18,"column":null}},"4":{"start":{"line":7,"column":18},"end":{"line":7,"column":null}},"5":{"start":{"line":8,"column":4},"end":{"line":10,"column":null}},"6":{"start":{"line":9,"column":8},"end":{"line":9,"column":null}},"7":{"start":{"line":11,"column":4},"end":{"line":17,"column":null}},"8":{"start":{"line":12,"column":24},"end":{"line":12,"column":null}},"9":{"start":{"line":13,"column":8},"end":{"line":13,"column":null}},"10":{"start":{"line":14,"column":8},"end":{"line":14,"column":null}},"11":{"start":{"line":16,"column":8},"end":{"line":16,"column":null}},"12":{"start":{"line":20,"column":0},"end":{"line":20,"column":null}}},"fnMap":{"0":{"name":"(anonymous_0)","decl":{"start":{"line":6,"column":23},"end":{"line":6,"column":24}},"loc":{"start":{"line":6,"column":34},"end":{"line":18,"column":null}}}},"branchMap":{"0":{"loc":{"start":{"line":4,"column":19},"end":{"line":4,"column":null}},"type":"binary-expr","locations":[{"start":{"line":4,"column":19},"end":{"line":4,"column":41}},{"start":{"line":4,"column":45},"end":{"line":4,"column":null}}]},"1":{"loc":{"start":{"line":8,"column":4},"end":{"line":10,"column":null}},"type":"if","locations":[{"start":{"line":8,"column":4},"end":{"line":10,"column":null}},{"start":{},"end":{}}]}},"s":{"0":2,"1":2,"2":2,"3":2,"4":4,"5":4,"6":1,"7":3,"8":3,"9":3,"10":3,"11":0,"12":2},"f":{"0":4},"b":{"0":[2,0],"1":[1,3]}}
,"D:\\shivam\\projects\\ptm\\backend\\src\\models\\notification.js": {"path":"D:\\shivam\\projects\\ptm\\backend\\src\\models\\notification.js","statementMap":{"0":{"start":{"line":1,"column":17},"end":{"line":1,"column":null}},"1":{"start":{"line":3,"column":27},"end":{"line":34,"column":null}},"2":{"start":{"line":37,"column":0},"end":{"line":37,"column":null}},"3":{"start":{"line":39,"column":21},"end":{"line":39,"column":null}},"4":{"start":{"line":41,"column":0},"end":{"line":41,"column":null}},"5":{"start":{"line":42,"column":0},"end":{"line":42,"column":null}}},"fnMap":{},"branchMap":{},"s":{"0":2,"1":2,"2":2,"3":2,"4":2,"5":2},"f":{},"b":{}}
,"D:\\shivam\\projects\\ptm\\backend\\src\\models\\schema.js": {"path":"D:\\shivam\\projects\\ptm\\backend\\src\\models\\schema.js","statementMap":{"0":{"start":{"line":1,"column":17},"end":{"line":1,"column":null}},"1":{"start":{"line":2,"column":20},"end":{"line":2,"column":null}},"2":{"start":{"line":3,"column":21},"end":{"line":3,"column":null}},"3":{"start":{"line":5,"column":19},"end":{"line":23,"column":null}},"4":{"start":{"line":26,"column":19},"end":{"line":36,"column":null}},"5":{"start":{"line":41,"column":13},"end":{"line":41,"column":null}},"6":{"start":{"line":42,"column":13},"end":{"line":42,"column":null}},"7":{"start":{"line":44,"column":0},"end":{"line":49,"column":null}}},"fnMap":{},"branchMap":{},"s":{"0":2,"1":2,"2":2,"3":2,"4":2,"5":2,"6":2,"7":2},"f":{},"b":{}}
,"D:\\shivam\\projects\\ptm\\backend\\src\\models\\transaction.js": {"path":"D:\\shivam\\projects\\ptm\\backend\\src\\models\\transaction.js","statementMap":{"0":{"start":{"line":1,"column":17},"end":{"line":1,"column":null}},"1":{"start":{"line":3,"column":26},"end":{"line":40,"column":null}},"2":{"start":{"line":43,"column":0},"end":{"line":43,"column":null}},"3":{"start":{"line":44,"column":0},"end":{"line":44,"column":null}},"4":{"start":{"line":45,"column":0},"end":{"line":45,"column":null}},"5":{"start":{"line":48,"column":0},"end":{"line":51,"column":null}},"6":{"start":{"line":49,"column":4},"end":{"line":49,"column":null}},"7":{"start":{"line":50,"column":4},"end":{"line":50,"column":null}},"8":{"start":{"line":50,"column":36},"end":{"line":50,"column":null}},"9":{"start":{"line":53,"column":20},"end":{"line":53,"column":null}},"10":{"start":{"line":55,"column":0},"end":{"line":55,"column":null}},"11":{"start":{"line":56,"column":0},"end":{"line":56,"column":null}}},"fnMap":{"0":{"name":"(anonymous_0)","decl":{"start":{"line":48,"column":30},"end":{"line":48,"column":40}},"loc":{"start":{"line":48,"column":44},"end":{"line":51,"column":null}}}},"branchMap":{"0":{"loc":{"start":{"line":50,"column":4},"end":{"line":50,"column":null}},"type":"if","locations":[{"start":{"line":50,"column":4},"end":{"line":50,"column":null}},{"start":{},"end":{}}]}},"s":{"0":2,"1":2,"2":2,"3":2,"4":2,"5":2,"6":2,"7":2,"8":0,"9":2,"10":2,"11":2},"f":{"0":2},"b":{"0":[0,2]}}
,"D:\\shivam\\projects\\ptm\\backend\\src\\routes\\account.js": {"path":"D:\\shivam\\projects\\ptm\\backend\\src\\routes\\account.js","statementMap":{"0":{"start":{"line":1,"column":16},"end":{"line":1,"column":null}},"1":{"start":{"line":2,"column":15},"end":{"line":2,"column":null}},"2":{"start":{"line":3,"column":17},"end":{"line":3,"column":null}},"3":{"start":{"line":4,"column":50},"end":{"line":4,"column":null}},"4":{"start":{"line":5,"column":23},"end":{"line":5,"column":null}},"5":{"start":{"line":6,"column":12},"end":{"line":6,"column":null}},"6":{"start":{"line":8,"column":0},"end":{"line":21,"column":null}},"7":{"start":{"line":9,"column":4},"end":{"line":20,"column":null}},"8":{"start":{"line":10,"column":21},"end":{"line":10,"column":null}},"9":{"start":{"line":12,"column":8},"end":{"line":14,"column":null}},"10":{"start":{"line":13,"column":12},"end":{"line":13,"column":null}},"11":{"start":{"line":16,"column":8},"end":{"line":16,"column":null}},"12":{"start":{"line":18,"column":8},"end":{"line":18,"column":null}},"13":{"start":{"line":19,"column":8},"end":{"line":19,"column":null}},"14":{"start":{"line":23,"column":23},"end":{"line":26,"column":null}},"15":{"start":{"line":30,"column":19},"end":{"line":30,"column":null}},"16":{"start":{"line":31,"column":4},"end":{"line":35,"column":null}},"17":{"start":{"line":32,"column":20},"end":{"line":32,"column":null}},"18":{"start":{"line":33,"column":8},"end":{"line":33,"column":null}},"19":{"start":{"line":34,"column":8},"end":{"line":34,"column":null}},"20":{"start":{"line":37,"column":23},"end":{"line":37,"column":null}},"21":{"start":{"line":38,"column":4},"end":{"line":42,"column":null}},"22":{"start":{"line":39,"column":20},"end":{"line":39,"column":null}},"23":{"start":{"line":40,"column":8},"end":{"line":40,"column":null}},"24":{"start":{"line":41,"column":8},"end":{"line":41,"column":null}},"25":{"start":{"line":44,"column":4},"end":{"line":48,"column":null}},"26":{"start":{"line":45,"column":20},"end":{"line":45,"column":null}},"27":{"start":{"line":46,"column":8},"end":{"line":46,"column":null}},"28":{"start":{"line":47,"column":8},"end":{"line":47,"column":null}},"29":{"start":{"line":50,"column":22},"end":{"line":50,"column":null}},"30":{"start":{"line":51,"column":4},"end":{"line":55,"column":null}},"31":{"start":{"line":52,"column":20},"end":{"line":52,"column":null}},"32":{"start":{"line":53,"column":8},"end":{"line":53,"column":null}},"33":{"start":{"line":54,"column":8},"end":{"line":54,"column":null}},"34":{"start":{"line":57,"column":4},"end":{"line":61,"column":null}},"35":{"start":{"line":58,"column":20},"end":{"line":58,"column":null}},"36":{"start":{"line":59,"column":8},"end":{"line":59,"column":null}},"37":{"start":{"line":60,"column":8},"end":{"line":60,"column":null}},"38":{"start":{"line":63,"column":26},"end":{"line":63,"column":null}},"39":{"start":{"line":64,"column":4},"end":{"line":68,"column":null}},"40":{"start":{"line":65,"column":20},"end":{"line":65,"column":null}},"41":{"start":{"line":66,"column":8},"end":{"line":66,"column":null}},"42":{"start":{"line":67,"column":8},"end":{"line":67,"column":null}},"43":{"start":{"line":70,"column":26},"end":{"line":73,"column":null}},"44":{"start":{"line":76,"column":4},"end":{"line":80,"column":null}},"45":{"start":{"line":77,"column":20},"end":{"line":77,"column":null}},"46":{"start":{"line":78,"column":8},"end":{"line":78,"column":null}},"47":{"start":{"line":79,"column":8},"end":{"line":79,"column":null}},"48":{"start":{"line":82,"column":4},"end":{"line":84,"column":null}},"49":{"start":{"line":88,"column":20},"end":{"line":95,"column":null}},"50":{"start":{"line":97,"column":21},"end":{"line":104,"column":null}},"51":{"start":{"line":106,"column":23},"end":{"line":106,"column":null}},"52":{"start":{"line":107,"column":26},"end":{"line":107,"column":98}},"53":{"start":{"line":110,"column":4},"end":{"line":116,"column":null}},"54":{"start":{"line":118,"column":4},"end":{"line":124,"column":null}},"55":{"start":{"line":126,"column":4},"end":{"line":133,"column":null}},"56":{"start":{"line":136,"column":0},"end":{"line":340,"column":null}},"57":{"start":{"line":139,"column":4},"end":{"line":146,"column":null}},"58":{"start":{"line":140,"column":8},"end":{"line":140,"column":null}},"59":{"start":{"line":142,"column":8},"end":{"line":144,"column":null}},"60":{"start":{"line":143,"column":12},"end":{"line":143,"column":null}},"61":{"start":{"line":145,"column":8},"end":{"line":145,"column":null}},"62":{"start":{"line":148,"column":39},"end":{"line":148,"column":null}},"63":{"start":{"line":149,"column":18},"end":{"line":149,"column":null}},"64":{"start":{"line":150,"column":25},"end":{"line":150,"column":null}},"65":{"start":{"line":152,"column":4},"end":{"line":339,"column":null}},"66":{"start":{"line":153,"column":8},"end":{"line":153,"column":null}},"67":{"start":{"line":154,"column":8},"end":{"line":267,"column":null}},"68":{"start":{"line":156,"column":27},"end":{"line":156,"column":null}},"69":{"start":{"line":157,"column":12},"end":{"line":161,"column":null}},"70":{"start":{"line":158,"column":28},"end":{"line":158,"column":null}},"71":{"start":{"line":159,"column":16},"end":{"line":159,"column":null}},"72":{"start":{"line":160,"column":16},"end":{"line":160,"column":null}},"73":{"start":{"line":164,"column":31},"end":{"line":164,"column":null}},"74":{"start":{"line":165,"column":12},"end":{"line":169,"column":null}},"75":{"start":{"line":166,"column":28},"end":{"line":166,"column":null}},"76":{"start":{"line":167,"column":16},"end":{"line":167,"column":null}},"77":{"start":{"line":168,"column":16},"end":{"line":168,"column":null}},"78":{"start":{"line":171,"column":12},"end":{"line":175,"column":null}},"79":{"start":{"line":172,"column":28},"end":{"line":172,"column":null}},"80":{"start":{"line":173,"column":16},"end":{"line":173,"column":null}},"81":{"start":{"line":174,"column":16},"end":{"line":174,"column":null}},"82":{"start":{"line":178,"column":30},"end":{"line":178,"column":null}},"83":{"start":{"line":179,"column":12},"end":{"line":183,"column":null}},"84":{"start":{"line":180,"column":28},"end":{"line":180,"column":null}},"85":{"start":{"line":181,"column":16},"end":{"line":181,"column":null}},"86":{"start":{"line":182,"column":16},"end":{"line":182,"column":null}},"87":{"start":{"line":185,"column":12},"end":{"line":189,"column":null}},"88":{"start":{"line":186,"column":28},"end":{"line":186,"column":null}},"89":{"start":{"line":187,"column":16},"end":{"line":187,"column":null}},"90":{"start":{"line":188,"column":16},"end":{"line":188,"column":null}},"91":{"start":{"line":191,"column":34},"end":{"line":191,"column":null}},"92":{"start":{"line":192,"column":12},"end":{"line":196,"column":null}},"93":{"start":{"line":193,"column":28},"end":{"line":193,"column":null}},"94":{"start":{"line":194,"column":16},"end":{"line":194,"column":null}},"95":{"start":{"line":195,"column":16},"end":{"line":195,"column":null}},"96":{"start":{"line":199,"column":12},"end":{"line":202,"column":null}},"97":{"start":{"line":205,"column":12},"end":{"line":208,"column":null}},"98":{"start":{"line":212,"column":30},"end":{"line":221,"column":null}},"99":{"start":{"line":223,"column":31},"end":{"line":232,"column":null}},"100":{"start":{"line":234,"column":31},"end":{"line":234,"column":null}},"101":{"start":{"line":235,"column":34},"end":{"line":235,"column":106}},"102":{"start":{"line":238,"column":12},"end":{"line":246,"column":null}},"103":{"start":{"line":249,"column":12},"end":{"line":257,"column":null}},"104":{"start":{"line":259,"column":12},"end":{"line":266,"column":null}},"105":{"start":{"line":270,"column":19},"end":{"line":270,"column":null}},"106":{"start":{"line":271,"column":8},"end":{"line":279,"column":null}},"107":{"start":{"line":272,"column":12},"end":{"line":278,"column":null}},"108":{"start":{"line":281,"column":8},"end":{"line":284,"column":null}},"109":{"start":{"line":288,"column":12},"end":{"line":291,"column":null}},"110":{"start":{"line":293,"column":8},"end":{"line":324,"column":null}},"111":{"start":{"line":294,"column":12},"end":{"line":323,"column":null}},"112":{"start":{"line":295,"column":39},"end":{"line":299,"column":null}},"113":{"start":{"line":302,"column":27},"end":{"line":302,"column":null}},"114":{"start":{"line":303,"column":16},"end":{"line":311,"column":null}},"115":{"start":{"line":304,"column":20},"end":{"line":310,"column":null}},"116":{"start":{"line":313,"column":16},"end":{"line":316,"column":null}},"117":{"start":{"line":318,"column":16},"end":{"line":318,"column":null}},"118":{"start":{"line":319,"column":16},"end":{"line":321,"column":null}},"119":{"start":{"line":320,"column":20},"end":{"line":320,"column":null}},"120":{"start":{"line":322,"column":16},"end":{"line":322,"column":null}},"121":{"start":{"line":326,"column":8},"end":{"line":326,"column":null}},"122":{"start":{"line":327,"column":8},"end":{"line":329,"column":null}},"123":{"start":{"line":328,"column":12},"end":{"line":328,"column":null}},"124":{"start":{"line":330,"column":8},"end":{"line":330,"column":null}},"125":{"start":{"line":332,"column":8},"end":{"line":338,"column":null}},"126":{"start":{"line":333,"column":12},"end":{"line":337,"column":null}},"127":{"start":{"line":334,"column":16},"end":{"line":334,"column":null}},"128":{"start":{"line":342,"column":0},"end":{"line":405,"column":null}},"129":{"start":{"line":343,"column":4},"end":{"line":404,"column":null}},"130":{"start":{"line":344,"column":21},"end":{"line":344,"column":null}},"131":{"start":{"line":345,"column":28},"end":{"line":345,"column":null}},"132":{"start":{"line":346,"column":22},"end":{"line":346,"column":null}},"133":{"start":{"line":347,"column":21},"end":{"line":347,"column":null}},"134":{"start":{"line":349,"column":21},"end":{"line":349,"column":null}},"135":{"start":{"line":351,"column":20},"end":{"line":351,"column":null}},"136":{"start":{"line":352,"column":8},"end":{"line":381,"column":null}},"137":{"start":{"line":353,"column":12},"end":{"line":358,"column":null}},"138":{"start":{"line":359,"column":15},"end":{"line":381,"column":null}},"139":{"start":{"line":360,"column":12},"end":{"line":365,"column":null}},"140":{"start":{"line":366,"column":15},"end":{"line":381,"column":null}},"141":{"start":{"line":367,"column":12},"end":{"line":370,"column":null}},"142":{"start":{"line":373,"column":12},"end":{"line":380,"column":null}},"143":{"start":{"line":383,"column":27},"end":{"line":383,"column":null}},"144":{"start":{"line":384,"column":27},"end":{"line":384,"column":null}},"145":{"start":{"line":385,"column":28},"end":{"line":385,"column":null}},"146":{"start":{"line":387,"column":29},"end":{"line":392,"column":null}},"147":{"start":{"line":394,"column":8},"end":{"line":400,"column":null}},"148":{"start":{"line":402,"column":8},"end":{"line":402,"column":null}},"149":{"start":{"line":403,"column":8},"end":{"line":403,"column":null}},"150":{"start":{"line":407,"column":0},"end":{"line":407,"column":null}}},"fnMap":{"0":{"name":"(anonymous_0)","decl":{"start":{"line":8,"column":39},"end":{"line":8,"column":46}},"loc":{"start":{"line":8,"column":51},"end":{"line":21,"column":null}}},"1":{"name":"executeStandaloneTransfer","decl":{"start":{"line":29,"column":15},"end":{"line":29,"column":41}},"loc":{"start":{"line":29,"column":77},"end":{"line":134,"column":null}}},"2":{"name":"(anonymous_2)","decl":{"start":{"line":136,"column":41},"end":{"line":136,"column":48}},"loc":{"start":{"line":136,"column":53},"end":{"line":340,"column":null}}},"3":{"name":"(anonymous_3)","decl":{"start":{"line":154,"column":38},"end":{"line":154,"column":null}},"loc":{"start":{"line":154,"column":38},"end":{"line":267,"column":null}}},"4":{"name":"(anonymous_4)","decl":{"start":{"line":342,"column":39},"end":{"line":342,"column":46}},"loc":{"start":{"line":342,"column":51},"end":{"line":405,"column":null}}}},"branchMap":{"0":{"loc":{"start":{"line":12,"column":8},"end":{"line":14,"column":null}},"type":"if","locations":[{"start":{"line":12,"column":8},"end":{"line":14,"column":null}},{"start":{},"end":{}}]},"1":{"loc":{"start":{"line":31,"column":4},"end":{"line":35,"column":null}},"type":"if","locations":[{"start":{"line":31,"column":4},"end":{"line":35,"column":null}},{"start":{},"end":{}}]},"2":{"loc":{"start":{"line":38,"column":4},"end":{"line":42,"column":null}},"type":"if","locations":[{"start":{"line":38,"column":4},"end":{"line":42,"column":null}},{"start":{},"end":{}}]},"3":{"loc":{"start":{"line":44,"column":4},"end":{"line":48,"column":null}},"type":"if","locations":[{"start":{"line":44,"column":4},"end":{"line":48,"column":null}},{"start":{},"end":{}}]},"4":{"loc":{"start":{"line":51,"column":4},"end":{"line":55,"column":null}},"type":"if","locations":[{"start":{"line":51,"column":4},"end":{"line":55,"column":null}},{"start":{},"end":{}}]},"5":{"loc":{"start":{"line":57,"column":4},"end":{"line":61,"column":null}},"type":"if","locations":[{"start":{"line":57,"column":4},"end":{"line":61,"column":null}},{"start":{},"end":{}}]},"6":{"loc":{"start":{"line":64,"column":4},"end":{"line":68,"column":null}},"type":"if","locations":[{"start":{"line":64,"column":4},"end":{"line":68,"column":null}},{"start":{},"end":{}}]},"7":{"loc":{"start":{"line":76,"column":4},"end":{"line":80,"column":null}},"type":"if","locations":[{"start":{"line":76,"column":4},"end":{"line":80,"column":null}},{"start":{},"end":{}}]},"8":{"loc":{"start":{"line":106,"column":23},"end":{"line":106,"column":null}},"type":"binary-expr","locations":[{"start":{"line":106,"column":23},"end":{"line":106,"column":74}},{"start":{"line":106,"column":74},"end":{"line":106,"column":null}}]},"9":{"loc":{"start":{"line":107,"column":26},"end":{"line":107,"column":98}},"type":"binary-expr","locations":[{"start":{"line":107,"column":26},"end":{"line":107,"column":83}},{"start":{"line":107,"column":83},"end":{"line":107,"column":98}}]},"10":{"loc":{"start":{"line":142,"column":8},"end":{"line":144,"column":null}},"type":"if","locations":[{"start":{"line":142,"column":8},"end":{"line":144,"column":null}},{"start":{},"end":{}}]},"11":{"loc":{"start":{"line":143,"column":51},"end":{"line":143,"column":94}},"type":"binary-expr","locations":[{"start":{"line":143,"column":51},"end":{"line":143,"column":79}},{"start":{"line":143,"column":79},"end":{"line":143,"column":94}}]},"12":{"loc":{"start":{"line":157,"column":12},"end":{"line":161,"column":null}},"type":"if","locations":[{"start":{"line":157,"column":12},"end":{"line":161,"column":null}},{"start":{},"end":{}}]},"13":{"loc":{"start":{"line":165,"column":12},"end":{"line":169,"column":null}},"type":"if","locations":[{"start":{"line":165,"column":12},"end":{"line":169,"column":null}},{"start":{},"end":{}}]},"14":{"loc":{"start":{"line":171,"column":12},"end":{"line":175,"column":null}},"type":"if","locations":[{"start":{"line":171,"column":12},"end":{"line":175,"column":null}},{"start":{},"end":{}}]},"15":{"loc":{"start":{"line":179,"column":12},"end":{"line":183,"column":null}},"type":"if","locations":[{"start":{"line":179,"column":12},"end":{"line":183,"column":null}},{"start":{},"end":{}}]},"16":{"loc":{"start":{"line":185,"column":12},"end":{"line":189,"column":null}},"type":"if","locations":[{"start":{"line":185,"column":12},"end":{"line":189,"column":null}},{"start":{},"end":{}}]},"17":{"loc":{"start":{"line":192,"column":12},"end":{"line":196,"column":null}},"type":"if","locations":[{"start":{"line":192,"column":12},"end":{"line":196,"column":null}},{"start":{},"end":{}}]},"18":{"loc":{"start":{"line":234,"column":31},"end":{"line":234,"column":null}},"type":"binary-expr","locations":[{"start":{"line":234,"column":31},"end":{"line":234,"column":82}},{"start":{"line":234,"column":82},"end":{"line":234,"column":null}}]},"19":{"loc":{"start":{"line":235,"column":34},"end":{"line":235,"column":106}},"type":"binary-expr","locations":[{"start":{"line":235,"column":34},"end":{"line":235,"column":91}},{"start":{"line":235,"column":91},"end":{"line":235,"column":106}}]},"20":{"loc":{"start":{"line":271,"column":8},"end":{"line":279,"column":null}},"type":"if","locations":[{"start":{"line":271,"column":8},"end":{"line":279,"column":null}},{"start":{},"end":{}}]},"21":{"loc":{"start":{"line":271,"column":12},"end":{"line":271,"column":47}},"type":"binary-expr","locations":[{"start":{"line":271,"column":12},"end":{"line":271,"column":18}},{"start":{"line":271,"column":18},"end":{"line":271,"column":47}}]},"22":{"loc":{"start":{"line":288,"column":12},"end":{"line":291,"column":null}},"type":"binary-expr","locations":[{"start":{"line":288,"column":12},"end":{"line":288,"column":null}},{"start":{"line":289,"column":12},"end":{"line":289,"column":null}},{"start":{"line":290,"column":12},"end":{"line":290,"column":null}},{"start":{"line":291,"column":12},"end":{"line":291,"column":null}}]},"23":{"loc":{"start":{"line":293,"column":8},"end":{"line":324,"column":null}},"type":"if","locations":[{"start":{"line":293,"column":8},"end":{"line":324,"column":null}},{"start":{},"end":{}}]},"24":{"loc":{"start":{"line":303,"column":16},"end":{"line":311,"column":null}},"type":"if","locations":[{"start":{"line":303,"column":16},"end":{"line":311,"column":null}},{"start":{},"end":{}}]},"25":{"loc":{"start":{"line":303,"column":20},"end":{"line":303,"column":55}},"type":"binary-expr","locations":[{"start":{"line":303,"column":20},"end":{"line":303,"column":26}},{"start":{"line":303,"column":26},"end":{"line":303,"column":55}}]},"26":{"loc":{"start":{"line":319,"column":16},"end":{"line":321,"column":null}},"type":"if","locations":[{"start":{"line":319,"column":16},"end":{"line":321,"column":null}},{"start":{},"end":{}}]},"27":{"loc":{"start":{"line":327,"column":8},"end":{"line":329,"column":null}},"type":"if","locations":[{"start":{"line":327,"column":8},"end":{"line":329,"column":null}},{"start":{},"end":{}}]},"28":{"loc":{"start":{"line":332,"column":8},"end":{"line":338,"column":null}},"type":"if","locations":[{"start":{"line":332,"column":8},"end":{"line":338,"column":null}},{"start":{},"end":{}}]},"29":{"loc":{"start":{"line":344,"column":33},"end":{"line":344,"column":null}},"type":"binary-expr","locations":[{"start":{"line":344,"column":33},"end":{"line":344,"column":65}},{"start":{"line":344,"column":65},"end":{"line":344,"column":null}}]},"30":{"loc":{"start":{"line":346,"column":47},"end":{"line":346,"column":null}},"type":"cond-expr","locations":[{"start":{"line":346,"column":88},"end":{"line":346,"column":93}},{"start":{"line":346,"column":93},"end":{"line":346,"column":null}}]},"31":{"loc":{"start":{"line":346,"column":47},"end":{"line":346,"column":88}},"type":"binary-expr","locations":[{"start":{"line":346,"column":47},"end":{"line":346,"column":69}},{"start":{"line":346,"column":69},"end":{"line":346,"column":88}}]},"32":{"loc":{"start":{"line":349,"column":21},"end":{"line":349,"column":null}},"type":"cond-expr","locations":[{"start":{"line":349,"column":38},"end":{"line":349,"column":87}},{"start":{"line":349,"column":87},"end":{"line":349,"column":null}}]},"33":{"loc":{"start":{"line":352,"column":8},"end":{"line":381,"column":null}},"type":"if","locations":[{"start":{"line":352,"column":8},"end":{"line":381,"column":null}},{"start":{"line":359,"column":15},"end":{"line":381,"column":null}}]},"34":{"loc":{"start":{"line":359,"column":15},"end":{"line":381,"column":null}},"type":"if","locations":[{"start":{"line":359,"column":15},"end":{"line":381,"column":null}},{"start":{"line":366,"column":15},"end":{"line":381,"column":null}}]},"35":{"loc":{"start":{"line":366,"column":15},"end":{"line":381,"column":null}},"type":"if","locations":[{"start":{"line":366,"column":15},"end":{"line":381,"column":null}},{"start":{"line":371,"column":15},"end":{"line":381,"column":null}}]},"36":{"loc":{"start":{"line":366,"column":19},"end":{"line":366,"column":43}},"type":"binary-expr","locations":[{"start":{"line":366,"column":19},"end":{"line":366,"column":27}},{"start":{"line":366,"column":27},"end":{"line":366,"column":43}}]}},"s":{"0":2,"1":2,"2":2,"3":2,"4":2,"5":2,"6":2,"7":0,"8":0,"9":0,"10":0,"11":0,"12":0,"13":0,"14":2,"15":3,"16":3,"17":0,"18":0,"19":0,"20":3,"21":3,"22":0,"23":0,"24":0,"25":3,"26":1,"27":1,"28":1,"29":2,"30":2,"31":0,"32":0,"33":0,"34":2,"35":1,"36":1,"37":1,"38":1,"39":1,"40":0,"41":0,"42":0,"43":1,"44":1,"45":0,"46":0,"47":0,"48":1,"49":1,"50":1,"51":1,"52":1,"53":1,"54":1,"55":1,"56":2,"57":3,"58":3,"59":0,"60":0,"61":0,"62":3,"63":3,"64":3,"65":3,"66":3,"67":3,"68":3,"69":0,"70":0,"71":0,"72":0,"73":0,"74":0,"75":0,"76":0,"77":0,"78":0,"79":0,"80":0,"81":0,"82":0,"83":0,"84":0,"85":0,"86":0,"87":0,"88":0,"89":0,"90":0,"91":0,"92":0,"93":0,"94":0,"95":0,"96":0,"97":0,"98":0,"99":0,"100":0,"101":0,"102":0,"103":0,"104":0,"105":0,"106":0,"107":0,"108":0,"109":3,"110":3,"111":3,"112":3,"113":1,"114":1,"115":1,"116":1,"117":2,"118":2,"119":2,"120":0,"121":0,"122":0,"123":0,"124":0,"125":3,"126":3,"127":3,"128":2,"129":0,"130":0,"131":0,"132":0,"133":0,"134":0,"135":0,"136":0,"137":0,"138":0,"139":0,"140":0,"141":0,"142":0,"143":0,"144":0,"145":0,"146":0,"147":0,"148":0,"149":0,"150":2},"f":{"0":0,"1":3,"2":3,"3":3,"4":0},"b":{"0":[0,0],"1":[0,3],"2":[0,3],"3":[1,2],"4":[0,2],"5":[1,1],"6":[0,1],"7":[0,1],"8":[1,0],"9":[1,0],"10":[0,0],"11":[0,0],"12":[0,0],"13":[0,0],"14":[0,0],"15":[0,0],"16":[0,0],"17":[0,0],"18":[0,0],"19":[0,0],"20":[0,0],"21":[0,0],"22":[3,0,0,0],"23":[3,0],"24":[1,0],"25":[1,1],"26":[2,0],"27":[0,0],"28":[3,0],"29":[0,0],"30":[0,0],"31":[0,0],"32":[0,0],"33":[0,0],"34":[0,0],"35":[0,0],"36":[0,0]}}
,"D:\\shivam\\projects\\ptm\\backend\\src\\routes\\auth.routes.js": {"path":"D:\\shivam\\projects\\ptm\\backend\\src\\routes\\auth.routes.js","statementMap":{"0":{"start":{"line":1,"column":16},"end":{"line":1,"column":null}},"1":{"start":{"line":2,"column":15},"end":{"line":2,"column":null}},"2":{"start":{"line":3,"column":23},"end":{"line":3,"column":null}},"3":{"start":{"line":4,"column":23},"end":{"line":4,"column":null}},"4":{"start":{"line":5,"column":15},"end":{"line":5,"column":null}},"5":{"start":{"line":6,"column":12},"end":{"line":6,"column":null}},"6":{"start":{"line":7,"column":12},"end":{"line":7,"column":null}},"7":{"start":{"line":8,"column":0},"end":{"line":8,"column":null}},"8":{"start":{"line":10,"column":19},"end":{"line":10,"column":null}},"9":{"start":{"line":12,"column":23},"end":{"line":17,"column":null}},"10":{"start":{"line":19,"column":0},"end":{"line":61,"column":null}},"11":{"start":{"line":20,"column":4},"end":{"line":60,"column":null}},"12":{"start":{"line":21,"column":57},"end":{"line":21,"column":null}},"13":{"start":{"line":23,"column":29},"end":{"line":23,"column":null}},"14":{"start":{"line":24,"column":8},"end":{"line":26,"column":null}},"15":{"start":{"line":25,"column":12},"end":{"line":25,"column":null}},"16":{"start":{"line":28,"column":31},"end":{"line":28,"column":null}},"17":{"start":{"line":29,"column":24},"end":{"line":34,"column":null}},"18":{"start":{"line":36,"column":8},"end":{"line":39,"column":null}},"19":{"start":{"line":41,"column":22},"end":{"line":41,"column":null}},"20":{"start":{"line":43,"column":8},"end":{"line":52,"column":null}},"21":{"start":{"line":54,"column":8},"end":{"line":56,"column":null}},"22":{"start":{"line":55,"column":12},"end":{"line":55,"column":null}},"23":{"start":{"line":58,"column":8},"end":{"line":58,"column":null}},"24":{"start":{"line":59,"column":8},"end":{"line":59,"column":null}},"25":{"start":{"line":63,"column":20},"end":{"line":66,"column":null}},"26":{"start":{"line":68,"column":0},"end":{"line":101,"column":null}},"27":{"start":{"line":69,"column":4},"end":{"line":100,"column":null}},"28":{"start":{"line":70,"column":36},"end":{"line":70,"column":null}},"29":{"start":{"line":71,"column":21},"end":{"line":71,"column":null}},"30":{"start":{"line":73,"column":8},"end":{"line":75,"column":null}},"31":{"start":{"line":74,"column":12},"end":{"line":74,"column":null}},"32":{"start":{"line":77,"column":24},"end":{"line":77,"column":null}},"33":{"start":{"line":78,"column":8},"end":{"line":80,"column":null}},"34":{"start":{"line":79,"column":12},"end":{"line":79,"column":null}},"35":{"start":{"line":82,"column":22},"end":{"line":82,"column":null}},"36":{"start":{"line":84,"column":8},"end":{"line":92,"column":null}},"37":{"start":{"line":94,"column":8},"end":{"line":96,"column":null}},"38":{"start":{"line":95,"column":12},"end":{"line":95,"column":null}},"39":{"start":{"line":98,"column":8},"end":{"line":98,"column":null}},"40":{"start":{"line":99,"column":8},"end":{"line":99,"column":null}},"41":{"start":{"line":103,"column":21},"end":{"line":109,"column":null}},"42":{"start":{"line":107,"column":20},"end":{"line":107,"column":50}},"43":{"start":{"line":111,"column":0},"end":{"line":140,"column":null}},"44":{"start":{"line":112,"column":4},"end":{"line":139,"column":null}},"45":{"start":{"line":113,"column":24},"end":{"line":113,"column":null}},"46":{"start":{"line":115,"column":8},"end":{"line":117,"column":null}},"47":{"start":{"line":116,"column":12},"end":{"line":116,"column":null}},"48":{"start":{"line":119,"column":28},"end":{"line":122,"column":null}},"49":{"start":{"line":124,"column":8},"end":{"line":126,"column":null}},"50":{"start":{"line":125,"column":12},"end":{"line":125,"column":null}},"51":{"start":{"line":128,"column":8},"end":{"line":131,"column":null}},"52":{"start":{"line":133,"column":8},"end":{"line":135,"column":null}},"53":{"start":{"line":134,"column":12},"end":{"line":134,"column":null}},"54":{"start":{"line":137,"column":8},"end":{"line":137,"column":null}},"55":{"start":{"line":138,"column":8},"end":{"line":138,"column":null}},"56":{"start":{"line":142,"column":0},"end":{"line":155,"column":null}},"57":{"start":{"line":143,"column":4},"end":{"line":154,"column":null}},"58":{"start":{"line":144,"column":21},"end":{"line":144,"column":null}},"59":{"start":{"line":146,"column":8},"end":{"line":148,"column":null}},"60":{"start":{"line":147,"column":12},"end":{"line":147,"column":null}},"61":{"start":{"line":150,"column":8},"end":{"line":150,"column":null}},"62":{"start":{"line":152,"column":8},"end":{"line":152,"column":null}},"63":{"start":{"line":153,"column":8},"end":{"line":153,"column":null}},"64":{"start":{"line":157,"column":0},"end":{"line":174,"column":null}},"65":{"start":{"line":158,"column":4},"end":{"line":173,"column":null}},"66":{"start":{"line":159,"column":23},"end":{"line":159,"column":null}},"67":{"start":{"line":160,"column":22},"end":{"line":167,"column":null}},"68":{"start":{"line":169,"column":8},"end":{"line":169,"column":null}},"69":{"start":{"line":171,"column":8},"end":{"line":171,"column":null}},"70":{"start":{"line":172,"column":8},"end":{"line":172,"column":null}},"71":{"start":{"line":176,"column":0},"end":{"line":176,"column":null}}},"fnMap":{"0":{"name":"(anonymous_0)","decl":{"start":{"line":19,"column":25},"end":{"line":19,"column":32}},"loc":{"start":{"line":19,"column":37},"end":{"line":61,"column":null}}},"1":{"name":"(anonymous_1)","decl":{"start":{"line":68,"column":22},"end":{"line":68,"column":29}},"loc":{"start":{"line":68,"column":34},"end":{"line":101,"column":null}}},"2":{"name":"(anonymous_2)","decl":{"start":{"line":107,"column":10},"end":{"line":107,"column":11}},"loc":{"start":{"line":107,"column":20},"end":{"line":107,"column":50}}},"3":{"name":"(anonymous_3)","decl":{"start":{"line":111,"column":38},"end":{"line":111,"column":45}},"loc":{"start":{"line":111,"column":50},"end":{"line":140,"column":null}}},"4":{"name":"(anonymous_4)","decl":{"start":{"line":142,"column":34},"end":{"line":142,"column":41}},"loc":{"start":{"line":142,"column":46},"end":{"line":155,"column":null}}},"5":{"name":"(anonymous_5)","decl":{"start":{"line":157,"column":41},"end":{"line":157,"column":48}},"loc":{"start":{"line":157,"column":53},"end":{"line":174,"column":null}}}},"branchMap":{"0":{"loc":{"start":{"line":10,"column":19},"end":{"line":10,"column":null}},"type":"binary-expr","locations":[{"start":{"line":10,"column":19},"end":{"line":10,"column":41}},{"start":{"line":10,"column":45},"end":{"line":10,"column":null}}]},"1":{"loc":{"start":{"line":24,"column":8},"end":{"line":26,"column":null}},"type":"if","locations":[{"start":{"line":24,"column":8},"end":{"line":26,"column":null}},{"start":{},"end":{}}]},"2":{"loc":{"start":{"line":54,"column":8},"end":{"line":56,"column":null}},"type":"if","locations":[{"start":{"line":54,"column":8},"end":{"line":56,"column":null}},{"start":{},"end":{}}]},"3":{"loc":{"start":{"line":55,"column":51},"end":{"line":55,"column":94}},"type":"binary-expr","locations":[{"start":{"line":55,"column":51},"end":{"line":55,"column":79}},{"start":{"line":55,"column":79},"end":{"line":55,"column":94}}]},"4":{"loc":{"start":{"line":73,"column":8},"end":{"line":75,"column":null}},"type":"if","locations":[{"start":{"line":73,"column":8},"end":{"line":75,"column":null}},{"start":{},"end":{}}]},"5":{"loc":{"start":{"line":78,"column":8},"end":{"line":80,"column":null}},"type":"if","locations":[{"start":{"line":78,"column":8},"end":{"line":80,"column":null}},{"start":{},"end":{}}]},"6":{"loc":{"start":{"line":94,"column":8},"end":{"line":96,"column":null}},"type":"if","locations":[{"start":{"line":94,"column":8},"end":{"line":96,"column":null}},{"start":{},"end":{}}]},"7":{"loc":{"start":{"line":95,"column":51},"end":{"line":95,"column":94}},"type":"binary-expr","locations":[{"start":{"line":95,"column":51},"end":{"line":95,"column":79}},{"start":{"line":95,"column":79},"end":{"line":95,"column":94}}]},"8":{"loc":{"start":{"line":115,"column":8},"end":{"line":117,"column":null}},"type":"if","locations":[{"start":{"line":115,"column":8},"end":{"line":117,"column":null}},{"start":{},"end":{}}]},"9":{"loc":{"start":{"line":124,"column":8},"end":{"line":126,"column":null}},"type":"if","locations":[{"start":{"line":124,"column":8},"end":{"line":126,"column":null}},{"start":{},"end":{}}]},"10":{"loc":{"start":{"line":133,"column":8},"end":{"line":135,"column":null}},"type":"if","locations":[{"start":{"line":133,"column":8},"end":{"line":135,"column":null}},{"start":{},"end":{}}]},"11":{"loc":{"start":{"line":134,"column":51},"end":{"line":134,"column":94}},"type":"binary-expr","locations":[{"start":{"line":134,"column":51},"end":{"line":134,"column":79}},{"start":{"line":134,"column":79},"end":{"line":134,"column":94}}]},"12":{"loc":{"start":{"line":146,"column":8},"end":{"line":148,"column":null}},"type":"if","locations":[{"start":{"line":146,"column":8},"end":{"line":148,"column":null}},{"start":{},"end":{}}]},"13":{"loc":{"start":{"line":159,"column":23},"end":{"line":159,"column":null}},"type":"binary-expr","locations":[{"start":{"line":159,"column":23},"end":{"line":159,"column":39}},{"start":{"line":159,"column":43},"end":{"line":159,"column":60}},{"start":{"line":159,"column":64},"end":{"line":159,"column":null}}]}},"s":{"0":2,"1":2,"2":2,"3":2,"4":2,"5":2,"6":2,"7":2,"8":2,"9":2,"10":2,"11":15,"12":15,"13":14,"14":14,"15":1,"16":13,"17":13,"18":13,"19":13,"20":13,"21":1,"22":1,"23":0,"24":0,"25":2,"26":2,"27":3,"28":3,"29":3,"30":3,"31":1,"32":2,"33":2,"34":1,"35":1,"36":1,"37":0,"38":0,"39":0,"40":0,"41":2,"42":0,"43":2,"44":0,"45":0,"46":0,"47":0,"48":0,"49":0,"50":0,"51":0,"52":0,"53":0,"54":0,"55":0,"56":2,"57":0,"58":0,"59":0,"60":0,"61":0,"62":0,"63":0,"64":2,"65":0,"66":0,"67":0,"68":0,"69":0,"70":0,"71":2},"f":{"0":15,"1":3,"2":0,"3":0,"4":0,"5":0},"b":{"0":[2,0],"1":[1,13],"2":[1,0],"3":[1,0],"4":[1,2],"5":[1,1],"6":[0,0],"7":[0,0],"8":[0,0],"9":[0,0],"10":[0,0],"11":[0,0],"12":[0,0],"13":[0,0,0]}}
,"D:\\shivam\\projects\\ptm\\backend\\src\\routes\\notification.js": {"path":"D:\\shivam\\projects\\ptm\\backend\\src\\routes\\notification.js","statementMap":{"0":{"start":{"line":1,"column":16},"end":{"line":1,"column":null}},"1":{"start":{"line":2,"column":15},"end":{"line":2,"column":null}},"2":{"start":{"line":3,"column":17},"end":{"line":3,"column":null}},"3":{"start":{"line":4,"column":25},"end":{"line":4,"column":null}},"4":{"start":{"line":5,"column":23},"end":{"line":5,"column":null}},"5":{"start":{"line":8,"column":0},"end":{"line":20,"column":null}},"6":{"start":{"line":9,"column":4},"end":{"line":19,"column":null}},"7":{"start":{"line":10,"column":22},"end":{"line":13,"column":null}},"8":{"start":{"line":15,"column":8},"end":{"line":15,"column":null}},"9":{"start":{"line":17,"column":8},"end":{"line":17,"column":null}},"10":{"start":{"line":18,"column":8},"end":{"line":18,"column":null}},"11":{"start":{"line":23,"column":0},"end":{"line":38,"column":null}},"12":{"start":{"line":24,"column":4},"end":{"line":37,"column":null}},"13":{"start":{"line":25,"column":23},"end":{"line":27,"column":null}},"14":{"start":{"line":30,"column":8},"end":{"line":33,"column":null}},"15":{"start":{"line":35,"column":8},"end":{"line":35,"column":null}},"16":{"start":{"line":36,"column":8},"end":{"line":36,"column":null}},"17":{"start":{"line":41,"column":0},"end":{"line":71,"column":null}},"18":{"start":{"line":42,"column":4},"end":{"line":70,"column":null}},"19":{"start":{"line":43,"column":21},"end":{"line":43,"column":null}},"20":{"start":{"line":44,"column":28},"end":{"line":44,"column":null}},"21":{"start":{"line":45,"column":22},"end":{"line":45,"column":null}},"22":{"start":{"line":46,"column":21},"end":{"line":46,"column":null}},"23":{"start":{"line":48,"column":22},"end":{"line":48,"column":null}},"24":{"start":{"line":50,"column":27},"end":{"line":50,"column":null}},"25":{"start":{"line":51,"column":27},"end":{"line":51,"column":null}},"26":{"start":{"line":52,"column":28},"end":{"line":52,"column":null}},"27":{"start":{"line":54,"column":30},"end":{"line":58,"column":null}},"28":{"start":{"line":60,"column":8},"end":{"line":66,"column":null}},"29":{"start":{"line":68,"column":8},"end":{"line":68,"column":null}},"30":{"start":{"line":69,"column":8},"end":{"line":69,"column":null}},"31":{"start":{"line":74,"column":0},"end":{"line":100,"column":null}},"32":{"start":{"line":75,"column":4},"end":{"line":99,"column":null}},"33":{"start":{"line":76,"column":23},"end":{"line":76,"column":33}},"34":{"start":{"line":78,"column":8},"end":{"line":80,"column":null}},"35":{"start":{"line":79,"column":12},"end":{"line":79,"column":null}},"36":{"start":{"line":82,"column":29},"end":{"line":86,"column":null}},"37":{"start":{"line":88,"column":8},"end":{"line":90,"column":null}},"38":{"start":{"line":89,"column":12},"end":{"line":89,"column":null}},"39":{"start":{"line":92,"column":8},"end":{"line":95,"column":null}},"40":{"start":{"line":97,"column":8},"end":{"line":97,"column":null}},"41":{"start":{"line":98,"column":8},"end":{"line":98,"column":null}},"42":{"start":{"line":102,"column":0},"end":{"line":102,"column":null}}},"fnMap":{"0":{"name":"(anonymous_0)","decl":{"start":{"line":8,"column":44},"end":{"line":8,"column":51}},"loc":{"start":{"line":8,"column":56},"end":{"line":20,"column":null}}},"1":{"name":"(anonymous_1)","decl":{"start":{"line":23,"column":40},"end":{"line":23,"column":47}},"loc":{"start":{"line":23,"column":52},"end":{"line":38,"column":null}}},"2":{"name":"(anonymous_2)","decl":{"start":{"line":41,"column":32},"end":{"line":41,"column":39}},"loc":{"start":{"line":41,"column":44},"end":{"line":71,"column":null}}},"3":{"name":"(anonymous_3)","decl":{"start":{"line":74,"column":40},"end":{"line":74,"column":47}},"loc":{"start":{"line":74,"column":52},"end":{"line":100,"column":null}}}},"branchMap":{"0":{"loc":{"start":{"line":43,"column":33},"end":{"line":43,"column":null}},"type":"binary-expr","locations":[{"start":{"line":43,"column":33},"end":{"line":43,"column":65}},{"start":{"line":43,"column":65},"end":{"line":43,"column":null}}]},"1":{"loc":{"start":{"line":45,"column":47},"end":{"line":45,"column":null}},"type":"cond-expr","locations":[{"start":{"line":45,"column":88},"end":{"line":45,"column":93}},{"start":{"line":45,"column":93},"end":{"line":45,"column":null}}]},"2":{"loc":{"start":{"line":45,"column":47},"end":{"line":45,"column":88}},"type":"binary-expr","locations":[{"start":{"line":45,"column":47},"end":{"line":45,"column":69}},{"start":{"line":45,"column":69},"end":{"line":45,"column":88}}]},"3":{"loc":{"start":{"line":78,"column":8},"end":{"line":80,"column":null}},"type":"if","locations":[{"start":{"line":78,"column":8},"end":{"line":80,"column":null}},{"start":{},"end":{}}]},"4":{"loc":{"start":{"line":88,"column":8},"end":{"line":90,"column":null}},"type":"if","locations":[{"start":{"line":88,"column":8},"end":{"line":90,"column":null}},{"start":{},"end":{}}]}},"s":{"0":2,"1":2,"2":2,"3":2,"4":2,"5":2,"6":0,"7":0,"8":0,"9":0,"10":0,"11":2,"12":0,"13":0,"14":0,"15":0,"16":0,"17":2,"18":0,"19":0,"20":0,"21":0,"22":0,"23":0,"24":0,"25":0,"26":0,"27":0,"28":0,"29":0,"30":0,"31":2,"32":0,"33":0,"34":0,"35":0,"36":0,"37":0,"38":0,"39":0,"40":0,"41":0,"42":2},"f":{"0":0,"1":0,"2":0,"3":0},"b":{"0":[0,0],"1":[0,0],"2":[0,0],"3":[0,0],"4":[0,0]}}
}
