TN:
SF:index.js
FN:39,(anonymous_0)
FN:56,(anonymous_1)
FN:69,(anonymous_2)
FN:82,(anonymous_3)
FNF:4
FNH:0
FNDA:0,(anonymous_0)
FNDA:0,(anonymous_1)
FNDA:0,(anonymous_2)
FNDA:0,(anonymous_3)
DA:1,2
DA:2,2
DA:3,2
DA:4,2
DA:5,2
DA:6,2
DA:7,2
DA:8,2
DA:9,2
DA:10,2
DA:12,2
DA:13,0
DA:16,2
DA:17,2
DA:18,2
DA:19,2
DA:20,2
DA:22,2
DA:27,2
DA:30,2
DA:39,2
DA:40,0
DA:42,0
DA:43,0
DA:46,0
DA:47,0
DA:48,0
DA:49,0
DA:51,0
DA:56,2
DA:57,0
DA:59,0
DA:60,0
DA:61,0
DA:65,0
DA:66,0
DA:67,0
DA:69,0
DA:70,0
DA:75,2
DA:77,2
DA:78,2
DA:79,2
DA:81,2
DA:82,0
DA:83,0
DA:87,2
LF:47
LH:27
BRDA:12,0,0,0
BRDA:12,0,1,2
BRDA:18,1,0,2
BRDA:18,1,1,2
BRDA:19,2,0,2
BRDA:19,2,1,2
BRDA:20,3,0,2
BRDA:20,3,1,0
BRDA:40,4,0,0
BRDA:40,4,1,0
BRDA:42,5,0,0
BRDA:42,5,1,0
BRDA:48,6,0,0
BRDA:48,6,1,0
BRDA:59,7,0,0
BRDA:59,7,1,0
BRDA:81,8,0,0
BRDA:81,8,1,2
BRF:18
BRH:7
end_of_record
TN:
SF:src\config\db.js
FN:7,(anonymous_0)
FNF:1
FNH:0
FNDA:0,(anonymous_0)
DA:1,2
DA:2,2
DA:4,2
DA:7,2
DA:8,0
DA:10,0
DA:11,0
DA:13,0
DA:14,0
DA:18,2
LF:10
LH:5
BRDA:4,0,0,2
BRDA:4,0,1,0
BRF:2
BRH:1
end_of_record
TN:
SF:src\middleware\authMiddleware.js
FN:6,(anonymous_0)
FNF:1
FNH:1
FNDA:4,(anonymous_0)
DA:1,2
DA:2,2
DA:4,2
DA:6,2
DA:7,4
DA:8,4
DA:9,1
DA:11,3
DA:12,3
DA:13,3
DA:14,3
DA:16,0
DA:20,2
LF:13
LH:12
BRDA:4,0,0,2
BRDA:4,0,1,0
BRDA:8,1,0,1
BRDA:8,1,1,3
BRF:4
BRH:3
end_of_record
TN:
SF:src\models\notification.js
FNF:0
FNH:0
DA:1,2
DA:3,2
DA:37,2
DA:39,2
DA:41,2
DA:42,2
LF:6
LH:6
BRF:0
BRH:0
end_of_record
TN:
SF:src\models\schema.js
FNF:0
FNH:0
DA:1,2
DA:2,2
DA:3,2
DA:5,2
DA:26,2
DA:41,2
DA:42,2
DA:44,2
LF:8
LH:8
BRF:0
BRH:0
end_of_record
TN:
SF:src\models\transaction.js
FN:48,(anonymous_0)
FNF:1
FNH:1
FNDA:2,(anonymous_0)
DA:1,2
DA:3,2
DA:43,2
DA:44,2
DA:45,2
DA:48,2
DA:49,2
DA:50,2
DA:53,2
DA:55,2
DA:56,2
LF:11
LH:11
BRDA:50,0,0,0
BRDA:50,0,1,2
BRF:2
BRH:1
end_of_record
TN:
SF:src\routes\account.js
FN:8,(anonymous_0)
FN:29,executeStandaloneTransfer
FN:136,(anonymous_2)
FN:154,(anonymous_3)
FN:342,(anonymous_4)
FNF:5
FNH:3
FNDA:0,(anonymous_0)
FNDA:3,executeStandaloneTransfer
FNDA:3,(anonymous_2)
FNDA:3,(anonymous_3)
FNDA:0,(anonymous_4)
DA:1,2
DA:2,2
DA:3,2
DA:4,2
DA:5,2
DA:6,2
DA:8,2
DA:9,0
DA:10,0
DA:12,0
DA:13,0
DA:16,0
DA:18,0
DA:19,0
DA:23,2
DA:30,3
DA:31,3
DA:32,0
DA:33,0
DA:34,0
DA:37,3
DA:38,3
DA:39,0
DA:40,0
DA:41,0
DA:44,3
DA:45,1
DA:46,1
DA:47,1
DA:50,2
DA:51,2
DA:52,0
DA:53,0
DA:54,0
DA:57,2
DA:58,1
DA:59,1
DA:60,1
DA:63,1
DA:64,1
DA:65,0
DA:66,0
DA:67,0
DA:70,1
DA:76,1
DA:77,0
DA:78,0
DA:79,0
DA:82,1
DA:88,1
DA:97,1
DA:106,1
DA:107,1
DA:110,1
DA:118,1
DA:126,1
DA:136,2
DA:139,3
DA:140,3
DA:142,0
DA:143,0
DA:145,0
DA:148,3
DA:149,3
DA:150,3
DA:152,3
DA:153,3
DA:154,3
DA:156,3
DA:157,0
DA:158,0
DA:159,0
DA:160,0
DA:164,0
DA:165,0
DA:166,0
DA:167,0
DA:168,0
DA:171,0
DA:172,0
DA:173,0
DA:174,0
DA:178,0
DA:179,0
DA:180,0
DA:181,0
DA:182,0
DA:185,0
DA:186,0
DA:187,0
DA:188,0
DA:191,0
DA:192,0
DA:193,0
DA:194,0
DA:195,0
DA:199,0
DA:205,0
DA:212,0
DA:223,0
DA:234,0
DA:235,0
DA:238,0
DA:249,0
DA:259,0
DA:270,0
DA:271,0
DA:272,0
DA:281,0
DA:288,3
DA:293,3
DA:294,3
DA:295,3
DA:302,1
DA:303,1
DA:304,1
DA:313,1
DA:318,2
DA:319,2
DA:320,2
DA:322,0
DA:326,0
DA:327,0
DA:328,0
DA:330,0
DA:332,3
DA:333,3
DA:334,3
DA:342,2
DA:343,0
DA:344,0
DA:345,0
DA:346,0
DA:347,0
DA:349,0
DA:351,0
DA:352,0
DA:353,0
DA:359,0
DA:360,0
DA:366,0
DA:367,0
DA:373,0
DA:383,0
DA:384,0
DA:385,0
DA:387,0
DA:394,0
DA:402,0
DA:403,0
DA:407,2
LF:151
LH:60
BRDA:12,0,0,0
BRDA:12,0,1,0
BRDA:31,1,0,0
BRDA:31,1,1,3
BRDA:38,2,0,0
BRDA:38,2,1,3
BRDA:44,3,0,1
BRDA:44,3,1,2
BRDA:51,4,0,0
BRDA:51,4,1,2
BRDA:57,5,0,1
BRDA:57,5,1,1
BRDA:64,6,0,0
BRDA:64,6,1,1
BRDA:76,7,0,0
BRDA:76,7,1,1
BRDA:106,8,0,1
BRDA:106,8,1,0
BRDA:107,9,0,1
BRDA:107,9,1,0
BRDA:142,10,0,0
BRDA:142,10,1,0
BRDA:143,11,0,0
BRDA:143,11,1,0
BRDA:157,12,0,0
BRDA:157,12,1,0
BRDA:165,13,0,0
BRDA:165,13,1,0
BRDA:171,14,0,0
BRDA:171,14,1,0
BRDA:179,15,0,0
BRDA:179,15,1,0
BRDA:185,16,0,0
BRDA:185,16,1,0
BRDA:192,17,0,0
BRDA:192,17,1,0
BRDA:234,18,0,0
BRDA:234,18,1,0
BRDA:235,19,0,0
BRDA:235,19,1,0
BRDA:271,20,0,0
BRDA:271,20,1,0
BRDA:271,21,0,0
BRDA:271,21,1,0
BRDA:288,22,0,3
BRDA:288,22,1,0
BRDA:288,22,2,0
BRDA:288,22,3,0
BRDA:293,23,0,3
BRDA:293,23,1,0
BRDA:303,24,0,1
BRDA:303,24,1,0
BRDA:303,25,0,1
BRDA:303,25,1,1
BRDA:319,26,0,2
BRDA:319,26,1,0
BRDA:327,27,0,0
BRDA:327,27,1,0
BRDA:332,28,0,3
BRDA:332,28,1,0
BRDA:344,29,0,0
BRDA:344,29,1,0
BRDA:346,30,0,0
BRDA:346,30,1,0
BRDA:346,31,0,0
BRDA:346,31,1,0
BRDA:349,32,0,0
BRDA:349,32,1,0
BRDA:352,33,0,0
BRDA:352,33,1,0
BRDA:359,34,0,0
BRDA:359,34,1,0
BRDA:366,35,0,0
BRDA:366,35,1,0
BRDA:366,36,0,0
BRDA:366,36,1,0
BRF:76
BRH:18
end_of_record
TN:
SF:src\routes\auth.routes.js
FN:19,(anonymous_0)
FN:68,(anonymous_1)
FN:107,(anonymous_2)
FN:111,(anonymous_3)
FN:142,(anonymous_4)
FN:157,(anonymous_5)
FNF:6
FNH:2
FNDA:15,(anonymous_0)
FNDA:3,(anonymous_1)
FNDA:0,(anonymous_2)
FNDA:0,(anonymous_3)
FNDA:0,(anonymous_4)
FNDA:0,(anonymous_5)
DA:1,2
DA:2,2
DA:3,2
DA:4,2
DA:5,2
DA:6,2
DA:7,2
DA:8,2
DA:10,2
DA:12,2
DA:19,2
DA:20,15
DA:21,15
DA:23,14
DA:24,14
DA:25,1
DA:28,13
DA:29,13
DA:36,13
DA:41,13
DA:43,13
DA:54,1
DA:55,1
DA:58,0
DA:59,0
DA:63,2
DA:68,2
DA:69,3
DA:70,3
DA:71,3
DA:73,3
DA:74,1
DA:77,2
DA:78,2
DA:79,1
DA:82,1
DA:84,1
DA:94,0
DA:95,0
DA:98,0
DA:99,0
DA:103,2
DA:107,0
DA:111,2
DA:112,0
DA:113,0
DA:115,0
DA:116,0
DA:119,0
DA:124,0
DA:125,0
DA:128,0
DA:133,0
DA:134,0
DA:137,0
DA:138,0
DA:142,2
DA:143,0
DA:144,0
DA:146,0
DA:147,0
DA:150,0
DA:152,0
DA:153,0
DA:157,2
DA:158,0
DA:159,0
DA:160,0
DA:169,0
DA:171,0
DA:172,0
DA:176,2
LF:72
LH:40
BRDA:10,0,0,2
BRDA:10,0,1,0
BRDA:24,1,0,1
BRDA:24,1,1,13
BRDA:54,2,0,1
BRDA:54,2,1,0
BRDA:55,3,0,1
BRDA:55,3,1,0
BRDA:73,4,0,1
BRDA:73,4,1,2
BRDA:78,5,0,1
BRDA:78,5,1,1
BRDA:94,6,0,0
BRDA:94,6,1,0
BRDA:95,7,0,0
BRDA:95,7,1,0
BRDA:115,8,0,0
BRDA:115,8,1,0
BRDA:124,9,0,0
BRDA:124,9,1,0
BRDA:133,10,0,0
BRDA:133,10,1,0
BRDA:134,11,0,0
BRDA:134,11,1,0
BRDA:146,12,0,0
BRDA:146,12,1,0
BRDA:159,13,0,0
BRDA:159,13,1,0
BRDA:159,13,2,0
BRF:29
BRH:9
end_of_record
TN:
SF:src\routes\notification.js
FN:8,(anonymous_0)
FN:23,(anonymous_1)
FN:41,(anonymous_2)
FN:74,(anonymous_3)
FNF:4
FNH:0
FNDA:0,(anonymous_0)
FNDA:0,(anonymous_1)
FNDA:0,(anonymous_2)
FNDA:0,(anonymous_3)
DA:1,2
DA:2,2
DA:3,2
DA:4,2
DA:5,2
DA:8,2
DA:9,0
DA:10,0
DA:15,0
DA:17,0
DA:18,0
DA:23,2
DA:24,0
DA:25,0
DA:30,0
DA:35,0
DA:36,0
DA:41,2
DA:42,0
DA:43,0
DA:44,0
DA:45,0
DA:46,0
DA:48,0
DA:50,0
DA:51,0
DA:52,0
DA:54,0
DA:60,0
DA:68,0
DA:69,0
DA:74,2
DA:75,0
DA:76,0
DA:78,0
DA:79,0
DA:82,0
DA:88,0
DA:89,0
DA:92,0
DA:97,0
DA:98,0
DA:102,2
LF:43
LH:10
BRDA:43,0,0,0
BRDA:43,0,1,0
BRDA:45,1,0,0
BRDA:45,1,1,0
BRDA:45,2,0,0
BRDA:45,2,1,0
BRDA:78,3,0,0
BRDA:78,3,1,0
BRDA:88,4,0,0
BRDA:88,4,1,0
BRF:10
BRH:0
end_of_record
